{"C:\\Users\\Sean\\Documents\\Code_Projects\\CertiFreight\\frontend\\src\\context\\AuthContext.tsx": {"path":"C:\\Users\\Sean\\Documents\\Code_Projects\\CertiFreight\\frontend\\src\\context\\AuthContext.tsx","statementMap":{"0":{"start":{"line":14,"column":13},"end":{"line":14,"column":null}},"1":{"start":{"line":16,"column":13},"end":{"line":57,"column":null}},"2":{"start":{"line":17,"column":18},"end":{"line":17,"column":null}},"3":{"start":{"line":18,"column":27},"end":{"line":18,"column":null}},"4":{"start":{"line":19,"column":22},"end":{"line":19,"column":null}},"5":{"start":{"line":20,"column":23},"end":{"line":20,"column":null}},"6":{"start":{"line":22,"column":18},"end":{"line":41,"column":null}},"7":{"start":{"line":23,"column":8},"end":{"line":23,"column":null}},"8":{"start":{"line":24,"column":8},"end":{"line":40,"column":null}},"9":{"start":{"line":25,"column":29},"end":{"line":25,"column":null}},"10":{"start":{"line":26,"column":36},"end":{"line":26,"column":null}},"11":{"start":{"line":28,"column":12},"end":{"line":28,"column":null}},"12":{"start":{"line":29,"column":12},"end":{"line":29,"column":null}},"13":{"start":{"line":30,"column":12},"end":{"line":30,"column":null}},"14":{"start":{"line":32,"column":12},"end":{"line":32,"column":null}},"15":{"start":{"line":33,"column":12},"end":{"line":33,"column":null}},"16":{"start":{"line":34,"column":12},"end":{"line":34,"column":null}},"17":{"start":{"line":36,"column":12},"end":{"line":36,"column":null}},"18":{"start":{"line":37,"column":12},"end":{"line":37,"column":null}},"19":{"start":{"line":39,"column":12},"end":{"line":39,"column":null}},"20":{"start":{"line":43,"column":10},"end":{"line":50,"column":null}},"21":{"start":{"line":44,"column":8},"end":{"line":44,"column":null}},"22":{"start":{"line":45,"column":8},"end":{"line":45,"column":null}},"23":{"start":{"line":46,"column":8},"end":{"line":46,"column":null}},"24":{"start":{"line":47,"column":8},"end":{"line":47,"column":null}},"25":{"start":{"line":48,"column":8},"end":{"line":48,"column":null}},"26":{"start":{"line":49,"column":8},"end":{"line":49,"column":null}},"27":{"start":{"line":52,"column":4},"end":{"line":55,"column":null}}},"fnMap":{"0":{"name":"(anonymous_0)","decl":{"start":{"line":16,"column":13},"end":{"line":16,"column":29}},"loc":{"start":{"line":16,"column":71},"end":{"line":57,"column":null}},"line":16},"1":{"name":"(anonymous_1)","decl":{"start":{"line":22,"column":18},"end":{"line":22,"column":25}},"loc":{"start":{"line":22,"column":60},"end":{"line":41,"column":null}},"line":22},"2":{"name":"(anonymous_2)","decl":{"start":{"line":43,"column":10},"end":{"line":43,"column":25}},"loc":{"start":{"line":43,"column":25},"end":{"line":50,"column":null}},"line":43}},"branchMap":{},"s":{"0":1,"1":1,"2":7,"3":7,"4":7,"5":7,"6":7,"7":2,"8":2,"9":2,"10":1,"11":1,"12":1,"13":1,"14":1,"15":1,"16":1,"17":1,"18":1,"19":2,"20":7,"21":1,"22":1,"23":1,"24":1,"25":1,"26":1,"27":7},"f":{"0":7,"1":2,"2":1},"b":{},"meta":{"lastBranch":0,"lastFunction":3,"lastStatement":28,"seen":{"s:14:13:14:Infinity":0,"s:16:13:57:Infinity":1,"f:16:13:16:29":0,"s:17:18:17:Infinity":2,"s:18:27:18:Infinity":3,"s:19:22:19:Infinity":4,"s:20:23:20:Infinity":5,"s:22:18:41:Infinity":6,"f:22:18:22:25":1,"s:23:8:23:Infinity":7,"s:24:8:40:Infinity":8,"s:25:29:25:Infinity":9,"s:26:36:26:Infinity":10,"s:28:12:28:Infinity":11,"s:29:12:29:Infinity":12,"s:30:12:30:Infinity":13,"s:32:12:32:Infinity":14,"s:33:12:33:Infinity":15,"s:34:12:34:Infinity":16,"s:36:12:36:Infinity":17,"s:37:12:37:Infinity":18,"s:39:12:39:Infinity":19,"s:43:10:50:Infinity":20,"f:43:10:43:25":2,"s:44:8:44:Infinity":21,"s:45:8:45:Infinity":22,"s:46:8:46:Infinity":23,"s:47:8:47:Infinity":24,"s:48:8:48:Infinity":25,"s:49:8:49:Infinity":26,"s:52:4:55:Infinity":27}}}
,"C:\\Users\\Sean\\Documents\\Code_Projects\\CertiFreight\\frontend\\src\\hooks\\useAuth.ts": {"path":"C:\\Users\\Sean\\Documents\\Code_Projects\\CertiFreight\\frontend\\src\\hooks\\useAuth.ts","statementMap":{"0":{"start":{"line":4,"column":13},"end":{"line":10,"column":null}},"1":{"start":{"line":5,"column":10},"end":{"line":5,"column":null}},"2":{"start":{"line":6,"column":4},"end":{"line":8,"column":null}},"3":{"start":{"line":7,"column":8},"end":{"line":7,"column":null}},"4":{"start":{"line":9,"column":4},"end":{"line":9,"column":null}}},"fnMap":{"0":{"name":"(anonymous_0)","decl":{"start":{"line":4,"column":13},"end":{"line":4,"column":29}},"loc":{"start":{"line":4,"column":29},"end":{"line":10,"column":null}},"line":4}},"branchMap":{"0":{"loc":{"start":{"line":6,"column":4},"end":{"line":8,"column":null}},"type":"if","locations":[{"start":{"line":6,"column":4},"end":{"line":8,"column":null}},{"start":{},"end":{}}],"line":6}},"s":{"0":1,"1":8,"2":8,"3":2,"4":6},"f":{"0":8},"b":{"0":[2,6]},"meta":{"lastBranch":1,"lastFunction":1,"lastStatement":5,"seen":{"s:4:13:10:Infinity":0,"f:4:13:4:29":0,"s:5:10:5:Infinity":1,"b:6:4:8:Infinity:undefined:undefined:undefined:undefined":0,"s:6:4:8:Infinity":2,"s:7:8:7:Infinity":3,"s:9:4:9:Infinity":4}}}
,"C:\\Users\\Sean\\Documents\\Code_Projects\\CertiFreight\\frontend\\src\\utils\\trackingUtils.ts": {"path":"C:\\Users\\Sean\\Documents\\Code_Projects\\CertiFreight\\frontend\\src\\utils\\trackingUtils.ts","statementMap":{"0":{"start":{"line":5,"column":13},"end":{"line":8,"column":null}},"1":{"start":{"line":6,"column":26},"end":{"line":6,"column":null}},"2":{"start":{"line":7,"column":4},"end":{"line":7,"column":null}},"3":{"start":{"line":14,"column":13},"end":{"line":20,"column":null}},"4":{"start":{"line":15,"column":4},"end":{"line":15,"column":null}},"5":{"start":{"line":15,"column":66},"end":{"line":15,"column":null}},"6":{"start":{"line":16,"column":4},"end":{"line":19,"column":null}}},"fnMap":{"0":{"name":"(anonymous_0)","decl":{"start":{"line":5,"column":13},"end":{"line":5,"column":39}},"loc":{"start":{"line":5,"column":72},"end":{"line":8,"column":null}},"line":5},"1":{"name":"(anonymous_1)","decl":{"start":{"line":14,"column":13},"end":{"line":14,"column":34}},"loc":{"start":{"line":14,"column":80},"end":{"line":20,"column":null}},"line":14}},"branchMap":{"0":{"loc":{"start":{"line":15,"column":4},"end":{"line":15,"column":null}},"type":"if","locations":[{"start":{"line":15,"column":4},"end":{"line":15,"column":null}},{"start":{},"end":{}}],"line":15},"1":{"loc":{"start":{"line":15,"column":8},"end":{"line":15,"column":66}},"type":"binary-expr","locations":[{"start":{"line":15,"column":8},"end":{"line":15,"column":27}},{"start":{"line":15,"column":27},"end":{"line":15,"column":51}},{"start":{"line":15,"column":51},"end":{"line":15,"column":66}}],"line":15}},"s":{"0":1,"1":8,"2":8,"3":1,"4":6,"5":3,"6":3},"f":{"0":8,"1":6},"b":{"0":[3,3],"1":[6,5,4]},"meta":{"lastBranch":2,"lastFunction":2,"lastStatement":7,"seen":{"s:5:13:8:Infinity":0,"f:5:13:5:39":0,"s:6:26:6:Infinity":1,"s:7:4:7:Infinity":2,"s:14:13:20:Infinity":3,"f:14:13:14:34":1,"b:15:4:15:Infinity:undefined:undefined:undefined:undefined":0,"s:15:4:15:Infinity":4,"b:15:8:15:27:15:27:15:51:15:51:15:66":1,"s:15:66:15:Infinity":5,"s:16:4:19:Infinity":6}}}
}
